<?xml version="1.0" encoding="UTF-8"?>
<testsuites name="bun test" tests="78" assertions="9474" failures="0" skipped="0" time="0.206084224">
  <testsuite name="src/lib/domain/__tests__/handle-save-failure/pipeline.test.ts" file="src/lib/domain/__tests__/handle-save-failure/pipeline.test.ts" tests="29" assertions="83" failures="0" skipped="0" time="0" hostname="hima">
    <testsuite name="HandleSaveFailure pipeline" file="src/lib/domain/__tests__/handle-save-failure/pipeline.test.ts" line="131" tests="29" assertions="83" failures="0" skipped="0" time="0.004" hostname="hima">
      <testcase name="retry-save → SavingState, RetrySaveRequested emitted, resolution=&apos;retried&apos;" classname="HandleSaveFailure pipeline" time="0" file="src/lib/domain/__tests__/handle-save-failure/pipeline.test.ts" line="135" assertions="9" />
      <testcase name="retry-save → RetrySaveRequested has no error field" classname="HandleSaveFailure pipeline" time="0.001" file="src/lib/domain/__tests__/handle-save-failure/pipeline.test.ts" line="167" assertions="2" />
      <testcase name="retry-save → SavingState.savingStartedAt equals RetrySaveRequested.occurredOn" classname="HandleSaveFailure pipeline" time="0" file="src/lib/domain/__tests__/handle-save-failure/pipeline.test.ts" line="182" assertions="2" />
      <testcase name="retry-save with pendingNextNoteId → SavingState, normal retry" classname="HandleSaveFailure pipeline" time="0" file="src/lib/domain/__tests__/handle-save-failure/pipeline.test.ts" line="199" assertions="4" />
      <testcase name="discard (no pending) → IdleState, EditingSessionDiscarded emitted, resolution=&apos;discarded&apos;" classname="HandleSaveFailure pipeline" time="0" file="src/lib/domain/__tests__/handle-save-failure/pipeline.test.ts" line="219" assertions="8" />
      <testcase name="discard (no pending) → EditingSessionDiscarded has no error field" classname="HandleSaveFailure pipeline" time="0" file="src/lib/domain/__tests__/handle-save-failure/pipeline.test.ts" line="250" assertions="2" />
      <testcase name="discard (no pending) → EditingSessionDiscarded.occurredOn equals Clock.now() value" classname="HandleSaveFailure pipeline" time="0" file="src/lib/domain/__tests__/handle-save-failure/pipeline.test.ts" line="265" assertions="1" />
      <testcase name="discard (with pending) → EditingState for pending note, all 6 fields, resolution=&apos;discarded&apos;" classname="HandleSaveFailure pipeline" time="0" file="src/lib/domain/__tests__/handle-save-failure/pipeline.test.ts" line="280" assertions="13" />
      <testcase name="discard (with pending) → event.noteId is currentNoteId, not pendingNextNoteId" classname="HandleSaveFailure pipeline" time="0" file="src/lib/domain/__tests__/handle-save-failure/pipeline.test.ts" line="317" assertions="3" />
      <testcase name="discard (with pending) → EditingSessionDiscarded.occurredOn equals Clock.now() value" classname="HandleSaveFailure pipeline" time="0.001" file="src/lib/domain/__tests__/handle-save-failure/pipeline.test.ts" line="336" assertions="1" />
      <testcase name="cancel-switch (valid) → EditingState for current note, all 6 fields, no event, resolution=&apos;cancelled&apos;" classname="HandleSaveFailure pipeline" time="0" file="src/lib/domain/__tests__/handle-save-failure/pipeline.test.ts" line="354" assertions="10" />
      <testcase name="cancel-switch (valid) → EditingState has no pendingNextNoteId field" classname="HandleSaveFailure pipeline" time="0" file="src/lib/domain/__tests__/handle-save-failure/pipeline.test.ts" line="387" assertions="1" />
      <testcase name="cancel-switch (invalid, no pending) → Promise.reject with invariant-violated SaveError" classname="HandleSaveFailure pipeline" time="0" file="src/lib/domain/__tests__/handle-save-failure/pipeline.test.ts" line="405" assertions="3" />
      <testcase name="non-save-failed state (editing) → Promise.reject with invariant-violated SaveError" classname="HandleSaveFailure pipeline" time="0" file="src/lib/domain/__tests__/handle-save-failure/pipeline.test.ts" line="429" assertions="2" />
      <testcase name="retry-save emits exactly 1 event (RetrySaveRequested)" classname="HandleSaveFailure pipeline" time="0" file="src/lib/domain/__tests__/handle-save-failure/pipeline.test.ts" line="461" assertions="2" />
      <testcase name="discard (no pending) emits exactly 1 event (EditingSessionDiscarded)" classname="HandleSaveFailure pipeline" time="0" file="src/lib/domain/__tests__/handle-save-failure/pipeline.test.ts" line="473" assertions="2" />
      <testcase name="discard (with pending) emits exactly 1 event (EditingSessionDiscarded)" classname="HandleSaveFailure pipeline" time="0" file="src/lib/domain/__tests__/handle-save-failure/pipeline.test.ts" line="485" assertions="2" />
      <testcase name="cancel-switch (valid) emits zero events" classname="HandleSaveFailure pipeline" time="0.001" file="src/lib/domain/__tests__/handle-save-failure/pipeline.test.ts" line="497" assertions="1" />
      <testcase name="Clock.now() called exactly once on retry-save branch" classname="HandleSaveFailure pipeline" time="0" file="src/lib/domain/__tests__/handle-save-failure/pipeline.test.ts" line="510" assertions="1" />
      <testcase name="Clock.now() called exactly once on discard (no pending) branch" classname="HandleSaveFailure pipeline" time="0" file="src/lib/domain/__tests__/handle-save-failure/pipeline.test.ts" line="520" assertions="1" />
      <testcase name="Clock.now() called exactly once on discard (with pending) branch" classname="HandleSaveFailure pipeline" time="0" file="src/lib/domain/__tests__/handle-save-failure/pipeline.test.ts" line="530" assertions="1" />
      <testcase name="Clock.now() called exactly once on cancel-switch (valid) branch" classname="HandleSaveFailure pipeline" time="0" file="src/lib/domain/__tests__/handle-save-failure/pipeline.test.ts" line="540" assertions="1" />
      <testcase name="Clock.now() called exactly 0 times on cancel-switch (invalid) branch" classname="HandleSaveFailure pipeline" time="0" file="src/lib/domain/__tests__/handle-save-failure/pipeline.test.ts" line="550" assertions="2" />
      <testcase name="retry-save → ResolvedState.kind=&apos;ResolvedState&apos;, resolution=&apos;retried&apos;" classname="HandleSaveFailure pipeline" time="0" file="src/lib/domain/__tests__/handle-save-failure/pipeline.test.ts" line="564" assertions="2" />
      <testcase name="discard (no pending) → ResolvedState.resolution=&apos;discarded&apos;" classname="HandleSaveFailure pipeline" time="0" file="src/lib/domain/__tests__/handle-save-failure/pipeline.test.ts" line="575" assertions="1" />
      <testcase name="discard (with pending) → ResolvedState.resolution=&apos;discarded&apos;" classname="HandleSaveFailure pipeline" time="0" file="src/lib/domain/__tests__/handle-save-failure/pipeline.test.ts" line="585" assertions="1" />
      <testcase name="cancel-switch (valid) → ResolvedState.resolution=&apos;cancelled&apos;" classname="HandleSaveFailure pipeline" time="0" file="src/lib/domain/__tests__/handle-save-failure/pipeline.test.ts" line="595" assertions="1" />
      <testcase name="retry-save with error-carrying stage → emitted event has no error field" classname="HandleSaveFailure pipeline" time="0.001" file="src/lib/domain/__tests__/handle-save-failure/pipeline.test.ts" line="607" assertions="2" />
      <testcase name="discard with error-carrying stage → emitted event has no error field" classname="HandleSaveFailure pipeline" time="0" file="src/lib/domain/__tests__/handle-save-failure/pipeline.test.ts" line="623" assertions="2" />
    </testsuite>
  </testsuite>
  <testsuite name="src/lib/domain/__tests__/handle-save-failure/retry-save.test.ts" file="src/lib/domain/__tests__/handle-save-failure/retry-save.test.ts" tests="8" assertions="17" failures="0" skipped="0" time="0" hostname="hima">
    <testsuite name="retry-save branch" file="src/lib/domain/__tests__/handle-save-failure/retry-save.test.ts" line="89" tests="8" assertions="17" failures="0" skipped="0" time="0.001" hostname="hima">
      <testcase name="PROP-HSF-002: retry → SavingState with status=&apos;saving&apos; and currentNoteId preserved" classname="retry-save branch" time="0" file="src/lib/domain/__tests__/handle-save-failure/retry-save.test.ts" line="92" assertions="2" />
      <testcase name="PROP-HSF-009: retry → exactly one RetrySaveRequested event emitted" classname="retry-save branch" time="0" file="src/lib/domain/__tests__/handle-save-failure/retry-save.test.ts" line="113" assertions="3" />
      <testcase name="PROP-HSF-013: retry → Clock.now() called exactly once" classname="retry-save branch" time="0" file="src/lib/domain/__tests__/handle-save-failure/retry-save.test.ts" line="135" assertions="1" />
      <testcase name="PROP-HSF-014: retry → SavingState.savingStartedAt === RetrySaveRequested.occurredOn (same Clock.now() call)" classname="retry-save branch" time="0" file="src/lib/domain/__tests__/handle-save-failure/retry-save.test.ts" line="153" assertions="4" />
      <testcase name="retry → ResolvedState.resolution === &apos;retried&apos;" classname="retry-save branch" time="0.001" file="src/lib/domain/__tests__/handle-save-failure/retry-save.test.ts" line="177" assertions="1" />
      <testcase name="retry with pendingNextNoteId non-null → SavingState with same currentNoteId" classname="retry-save branch" time="0" file="src/lib/domain/__tests__/handle-save-failure/retry-save.test.ts" line="194" assertions="3" />
      <testcase name="retry with pendingNextNoteId null → SavingState with correct currentNoteId" classname="retry-save branch" time="0" file="src/lib/domain/__tests__/handle-save-failure/retry-save.test.ts" line="217" assertions="2" />
      <testcase name="retry → RetrySaveRequested event payload has no error field" classname="retry-save branch" time="0" file="src/lib/domain/__tests__/handle-save-failure/retry-save.test.ts" line="236" assertions="1" />
    </testsuite>
  </testsuite>
  <testsuite name="src/lib/domain/__tests__/handle-save-failure/discard-current-session.test.ts" file="src/lib/domain/__tests__/handle-save-failure/discard-current-session.test.ts" tests="14" assertions="28" failures="0" skipped="0" time="0" hostname="hima">
    <testsuite name="discard-current-session (no pendingNextNoteId)" file="src/lib/domain/__tests__/handle-save-failure/discard-current-session.test.ts" line="97" tests="6" assertions="8" failures="0" skipped="0" time="0" hostname="hima">
      <testcase name="PROP-HSF-003: pendingNextNoteId=null → IdleState with status=&apos;idle&apos;" classname="discard-current-session (no pendingNextNoteId)" time="0" file="src/lib/domain/__tests__/handle-save-failure/discard-current-session.test.ts" line="100" assertions="1" />
      <testcase name="PROP-HSF-010: discard (no pending) → exactly one EditingSessionDiscarded emitted" classname="discard-current-session (no pendingNextNoteId)" time="0" file="src/lib/domain/__tests__/handle-save-failure/discard-current-session.test.ts" line="119" assertions="3" />
      <testcase name="PROP-HSF-015: discard (no pending) → EditingSessionDiscarded.occurredOn === Clock.now()" classname="discard-current-session (no pendingNextNoteId)" time="0" file="src/lib/domain/__tests__/handle-save-failure/discard-current-session.test.ts" line="140" assertions="1" />
      <testcase name="PROP-HSF-013: discard (no pending) → Clock.now() called exactly once" classname="discard-current-session (no pendingNextNoteId)" time="0" file="src/lib/domain/__tests__/handle-save-failure/discard-current-session.test.ts" line="157" assertions="1" />
      <testcase name="discard (no pending) → ResolvedState.resolution === &apos;discarded&apos;" classname="discard-current-session (no pendingNextNoteId)" time="0" file="src/lib/domain/__tests__/handle-save-failure/discard-current-session.test.ts" line="174" assertions="1" />
      <testcase name="discard (no pending) → EditingSessionDiscarded has no error field" classname="discard-current-session (no pendingNextNoteId)" time="0" file="src/lib/domain/__tests__/handle-save-failure/discard-current-session.test.ts" line="191" assertions="1" />
    </testsuite>
    <testsuite name="discard-current-session (with pendingNextNoteId)" file="src/lib/domain/__tests__/handle-save-failure/discard-current-session.test.ts" line="210" tests="8" assertions="20" failures="0" skipped="0" time="0.001" hostname="hima">
      <testcase name="PROP-HSF-003: pendingNextNoteId non-null → EditingState.currentNoteId === pendingNextNoteId" classname="discard-current-session (with pendingNextNoteId)" time="0" file="src/lib/domain/__tests__/handle-save-failure/discard-current-session.test.ts" line="213" assertions="2" />
      <testcase name="PROP-HSF-006: discard (with pending) → all 6 EditingState fields correct" classname="discard-current-session (with pendingNextNoteId)" time="0" file="src/lib/domain/__tests__/handle-save-failure/discard-current-session.test.ts" line="235" assertions="6" />
      <testcase name="PROP-HSF-008: discard (with pending) → event.noteId is currentNoteId, not pendingNextNoteId" classname="discard-current-session (with pendingNextNoteId)" time="0" file="src/lib/domain/__tests__/handle-save-failure/discard-current-session.test.ts" line="261" assertions="5" />
      <testcase name="PROP-HSF-010: discard (with pending) → exactly one EditingSessionDiscarded emitted" classname="discard-current-session (with pendingNextNoteId)" time="0" file="src/lib/domain/__tests__/handle-save-failure/discard-current-session.test.ts" line="286" assertions="2" />
      <testcase name="PROP-HSF-013: discard (with pending) → Clock.now() called exactly once" classname="discard-current-session (with pendingNextNoteId)" time="0" file="src/lib/domain/__tests__/handle-save-failure/discard-current-session.test.ts" line="304" assertions="1" />
      <testcase name="PROP-HSF-015: discard (with pending) → EditingSessionDiscarded.occurredOn === Clock.now()" classname="discard-current-session (with pendingNextNoteId)" time="0" file="src/lib/domain/__tests__/handle-save-failure/discard-current-session.test.ts" line="321" assertions="1" />
      <testcase name="discard (with pending) → ResolvedState.resolution === &apos;discarded&apos;" classname="discard-current-session (with pendingNextNoteId)" time="0" file="src/lib/domain/__tests__/handle-save-failure/discard-current-session.test.ts" line="338" assertions="1" />
      <testcase name="both discard sub-cases produce resolution=&apos;discarded&apos;" classname="discard-current-session (with pendingNextNoteId)" time="0.001" file="src/lib/domain/__tests__/handle-save-failure/discard-current-session.test.ts" line="355" assertions="2" />
    </testsuite>
  </testsuite>
  <testsuite name="src/lib/domain/__tests__/handle-save-failure/cancel-switch.test.ts" file="src/lib/domain/__tests__/handle-save-failure/cancel-switch.test.ts" tests="13" assertions="21" failures="0" skipped="0" time="0" hostname="hima">
    <testsuite name="cancel-switch (valid — pendingNextNoteId present)" file="src/lib/domain/__tests__/handle-save-failure/cancel-switch.test.ts" line="93" tests="8" assertions="14" failures="0" skipped="0" time="0.001" hostname="hima">
      <testcase name="PROP-HSF-004: cancel-switch (valid) → all 6 EditingState fields correct" classname="cancel-switch (valid — pendingNextNoteId present)" time="0" file="src/lib/domain/__tests__/handle-save-failure/cancel-switch.test.ts" line="97" assertions="6" />
      <testcase name="cancel-switch (valid) → EditingState.currentNoteId === state.currentNoteId" classname="cancel-switch (valid — pendingNextNoteId present)" time="0" file="src/lib/domain/__tests__/handle-save-failure/cancel-switch.test.ts" line="122" assertions="1" />
      <testcase name="cancel-switch (valid) → EditingState.isDirty === true (unsaved content retained)" classname="cancel-switch (valid — pendingNextNoteId present)" time="0" file="src/lib/domain/__tests__/handle-save-failure/cancel-switch.test.ts" line="140" assertions="1" />
      <testcase name="cancel-switch (valid) → EditingState.lastSaveResult === &apos;failed&apos;" classname="cancel-switch (valid — pendingNextNoteId present)" time="0" file="src/lib/domain/__tests__/handle-save-failure/cancel-switch.test.ts" line="157" assertions="1" />
      <testcase name="PROP-HSF-007: cancel-switch (valid) → EditingState has no pendingNextNoteId field" classname="cancel-switch (valid — pendingNextNoteId present)" time="0" file="src/lib/domain/__tests__/handle-save-failure/cancel-switch.test.ts" line="174" assertions="1" />
      <testcase name="PROP-HSF-011: cancel-switch (valid) → zero events emitted" classname="cancel-switch (valid — pendingNextNoteId present)" time="0" file="src/lib/domain/__tests__/handle-save-failure/cancel-switch.test.ts" line="191" assertions="1" />
      <testcase name="PROP-HSF-013: cancel-switch (valid) → Clock.now() called exactly once" classname="cancel-switch (valid — pendingNextNoteId present)" time="0.001" file="src/lib/domain/__tests__/handle-save-failure/cancel-switch.test.ts" line="208" assertions="1" />
      <testcase name="cancel-switch (valid) → ResolvedState.resolution === &apos;cancelled&apos;" classname="cancel-switch (valid — pendingNextNoteId present)" time="0" file="src/lib/domain/__tests__/handle-save-failure/cancel-switch.test.ts" line="225" assertions="2" />
    </testsuite>
    <testsuite name="cancel-switch (invalid — pendingNextNoteId is null)" file="src/lib/domain/__tests__/handle-save-failure/cancel-switch.test.ts" line="245" tests="5" assertions="7" failures="0" skipped="0" time="0" hostname="hima">
      <testcase name="PROP-HSF-012: pendingNextNoteId=null + cancel-switch → Promise.reject with invariant-violated SaveError" classname="cancel-switch (invalid — pendingNextNoteId is null)" time="0" file="src/lib/domain/__tests__/handle-save-failure/cancel-switch.test.ts" line="248" assertions="1" />
      <testcase name="cancel-switch (invalid) → rejected Promise (no ResolvedState produced)" classname="cancel-switch (invalid — pendingNextNoteId is null)" time="0" file="src/lib/domain/__tests__/handle-save-failure/cancel-switch.test.ts" line="268" assertions="2" />
      <testcase name="cancel-switch (invalid) → zero events emitted" classname="cancel-switch (invalid — pendingNextNoteId is null)" time="0" file="src/lib/domain/__tests__/handle-save-failure/cancel-switch.test.ts" line="289" assertions="1" />
      <testcase name="PROP-HSF-020: cancel-switch (invalid) → Clock.now() called exactly 0 times" classname="cancel-switch (invalid — pendingNextNoteId is null)" time="0" file="src/lib/domain/__tests__/handle-save-failure/cancel-switch.test.ts" line="306" assertions="1" />
      <testcase name="cancel-switch (invalid) → no state transition occurs (no nextSessionState)" classname="cancel-switch (invalid — pendingNextNoteId is null)" time="0" file="src/lib/domain/__tests__/handle-save-failure/cancel-switch.test.ts" line="323" assertions="2" />
    </testsuite>
  </testsuite>
  <testsuite name="src/lib/domain/__tests__/handle-save-failure/__verify__/prop-HSF-021-pure-transition-no-side-effect.harness.test.ts" file="src/lib/domain/__tests__/handle-save-failure/__verify__/prop-HSF-021-pure-transition-no-side-effect.harness.test.ts" tests="5" assertions="5917" failures="0" skipped="0" time="0" hostname="hima">
    <testsuite name="PROP-HSF-021: pure-transition-no-side-effect" file="src/lib/domain/__tests__/handle-save-failure/__verify__/prop-HSF-021-pure-transition-no-side-effect.harness.test.ts" line="83" tests="5" assertions="5917" failures="0" skipped="0" time="0.091" hostname="hima">
      <testcase name="∀ SaveFailedState, retryTransition(state, now) → Date.now spy=0, state not mutated (500 runs)" classname="PROP-HSF-021: pure-transition-no-side-effect" time="0.034001" file="src/lib/domain/__tests__/handle-save-failure/__verify__/prop-HSF-021-pure-transition-no-side-effect.harness.test.ts" line="85" assertions="1000" />
      <testcase name="∀ SaveFailedState, discardTransition(state, now) → Date.now spy=0, state not mutated (500 runs)" classname="PROP-HSF-021: pure-transition-no-side-effect" time="0.019001" file="src/lib/domain/__tests__/handle-save-failure/__verify__/prop-HSF-021-pure-transition-no-side-effect.harness.test.ts" line="104" assertions="1000" />
      <testcase name="∀ SaveFailedState with non-null pendingNextNoteId, cancelSwitchTransition(state, now) → Date.now spy=0, state not mutated (500 runs)" classname="PROP-HSF-021: pure-transition-no-side-effect" time="0.016001" file="src/lib/domain/__tests__/handle-save-failure/__verify__/prop-HSF-021-pure-transition-no-side-effect.harness.test.ts" line="123" assertions="1000" />
      <testcase name="PROP-HSF-003: ∀ SaveFailedState, discardTransition → idle iff pendingNextNoteId=null, else editing (500 runs)" classname="PROP-HSF-021: pure-transition-no-side-effect" time="0.011" file="src/lib/domain/__tests__/handle-save-failure/__verify__/prop-HSF-021-pure-transition-no-side-effect.harness.test.ts" line="143" assertions="917" />
      <testcase name="PROP-HSF-004: ∀ SaveFailedState with pending, cancelSwitchTransition → editing, isDirty=true, lastSaveResult=&apos;failed&apos; (500 runs)" classname="PROP-HSF-021: pure-transition-no-side-effect" time="0.011" file="src/lib/domain/__tests__/handle-save-failure/__verify__/prop-HSF-021-pure-transition-no-side-effect.harness.test.ts" line="165" assertions="2000" />
    </testsuite>
  </testsuite>
  <testsuite name="src/lib/domain/__tests__/handle-save-failure/__verify__/prop-HSF-020-clock-budget-invariant-violation.harness.test.ts" file="src/lib/domain/__tests__/handle-save-failure/__verify__/prop-HSF-020-clock-budget-invariant-violation.harness.test.ts" tests="3" assertions="802" failures="0" skipped="0" time="0" hostname="hima">
    <testsuite name="PROP-HSF-020: Clock.now() called 0 times on cancel-switch-invalid branch" file="src/lib/domain/__tests__/handle-save-failure/__verify__/prop-HSF-020-clock-budget-invariant-violation.harness.test.ts" line="93" tests="3" assertions="802" failures="0" skipped="0" time="0.013" hostname="hima">
      <testcase name="example: pendingNextNoteId=null + cancel-switch → clockNow not called" classname="PROP-HSF-020: Clock.now() called 0 times on cancel-switch-invalid branch" time="0" file="src/lib/domain/__tests__/handle-save-failure/__verify__/prop-HSF-020-clock-budget-invariant-violation.harness.test.ts" line="94" assertions="2" />
      <testcase name="∀ SaveFailedState with pendingNextNoteId=null, cancel-switch → clockNow called 0 times (200 runs)" classname="PROP-HSF-020: Clock.now() called 0 times on cancel-switch-invalid branch" time="0.006" file="src/lib/domain/__tests__/handle-save-failure/__verify__/prop-HSF-020-clock-budget-invariant-violation.harness.test.ts" line="121" assertions="400" />
      <testcase name="∀ SaveFailedState with pendingNextNoteId non-null, cancel-switch → clockNow called exactly 1 time (200 runs)" classname="PROP-HSF-020: Clock.now() called 0 times on cancel-switch-invalid branch" time="0.007" file="src/lib/domain/__tests__/handle-save-failure/__verify__/prop-HSF-020-clock-budget-invariant-violation.harness.test.ts" line="152" assertions="400" />
    </testsuite>
  </testsuite>
  <testsuite name="src/lib/domain/__tests__/handle-save-failure/__verify__/prop-HSF-019-invariant-on-non-save-failed.harness.test.ts" file="src/lib/domain/__tests__/handle-save-failure/__verify__/prop-HSF-019-invariant-on-non-save-failed.harness.test.ts" tests="4" assertions="606" failures="0" skipped="0" time="0" hostname="hima">
    <testsuite name="PROP-HSF-019: invariant-on-non-save-failed" file="src/lib/domain/__tests__/handle-save-failure/__verify__/prop-HSF-019-invariant-on-non-save-failed.harness.test.ts" line="80" tests="4" assertions="606" failures="0" skipped="0" time="0.004" hostname="hima">
      <testcase name="EditingState cast to SaveFailedState → Promise.reject with invariant-violated" classname="PROP-HSF-019: invariant-on-non-save-failed" time="0" file="src/lib/domain/__tests__/handle-save-failure/__verify__/prop-HSF-019-invariant-on-non-save-failed.harness.test.ts" line="81" assertions="2" />
      <testcase name="IdleState cast to SaveFailedState → Promise.reject with invariant-violated" classname="PROP-HSF-019: invariant-on-non-save-failed" time="0.001" file="src/lib/domain/__tests__/handle-save-failure/__verify__/prop-HSF-019-invariant-on-non-save-failed.harness.test.ts" line="106" assertions="2" />
      <testcase name="SavingState cast to SaveFailedState → Promise.reject with invariant-violated" classname="PROP-HSF-019: invariant-on-non-save-failed" time="0" file="src/lib/domain/__tests__/handle-save-failure/__verify__/prop-HSF-019-invariant-on-non-save-failed.harness.test.ts" line="129" assertions="2" />
      <testcase name="∀ non-save-failed status values → invariant-violated rejection (property, 200 runs)" classname="PROP-HSF-019: invariant-on-non-save-failed" time="0.003" file="src/lib/domain/__tests__/handle-save-failure/__verify__/prop-HSF-019-invariant-on-non-save-failed.harness.test.ts" line="153" assertions="600" />
    </testsuite>
  </testsuite>
  <testsuite name="src/lib/domain/__tests__/handle-save-failure/__verify__/prop-HSF-001-retry-determinism.harness.test.ts" file="src/lib/domain/__tests__/handle-save-failure/__verify__/prop-HSF-001-retry-determinism.harness.test.ts" tests="2" assertions="2000" failures="0" skipped="0" time="0" hostname="hima">
    <testsuite name="PROP-HSF-001: retry transition determinism" file="src/lib/domain/__tests__/handle-save-failure/__verify__/prop-HSF-001-retry-determinism.harness.test.ts" line="70" tests="2" assertions="2000" failures="0" skipped="0" time="0.035" hostname="hima">
      <testcase name="∀ SaveFailedState, retryTransition(state, now) called twice with identical inputs → identical SavingState outputs (1000 runs)" classname="PROP-HSF-001: retry transition determinism" time="0.022001" file="src/lib/domain/__tests__/handle-save-failure/__verify__/prop-HSF-001-retry-determinism.harness.test.ts" line="72" assertions="1000" />
      <testcase name="PROP-HSF-002: ∀ SaveFailedState, retryTransition → SavingState.status=&apos;saving&apos; ∧ currentNoteId preserved (500 runs)" classname="PROP-HSF-001: retry transition determinism" time="0.013001" file="src/lib/domain/__tests__/handle-save-failure/__verify__/prop-HSF-001-retry-determinism.harness.test.ts" line="92" assertions="1000" />
    </testsuite>
  </testsuite>
</testsuites>
